This file contains any messages produced by compilers while
running configure, to aid debugging if configure makes a mistake.

It was created by configure, which was
generated by GNU Autoconf 2.61.  Invocation command line was

  $ ./configure 

## --------- ##
## Platform. ##
## --------- ##

hostname = raspberrypi
uname -m = armv6l
uname -r = 3.6.11+
uname -s = Linux
uname -v = #520 PREEMPT Wed Aug 7 16:07:34 BST 2013

/usr/bin/uname -p = unknown
/bin/uname -X     = unknown

/bin/arch              = unknown
/usr/bin/arch -k       = unknown
/usr/convex/getsysinfo = unknown
/usr/bin/hostinfo      = unknown
/bin/machine           = unknown
/usr/bin/oslevel       = unknown
/bin/universe          = unknown

PATH: /usr/local/sbin
PATH: /usr/local/bin
PATH: /usr/sbin
PATH: /usr/bin
PATH: /sbin
PATH: /bin


## ----------- ##
## Core tests. ##
## ----------- ##

configure:2005: checking for gcc
configure:2021: found /usr/bin/gcc
configure:2032: result: gcc
configure:2270: checking for C compiler version
configure:2277: gcc --version >&5
gcc (Debian 4.6.3-14+rpi1) 4.6.3
Copyright (C) 2011 Free Software Foundation, Inc.
This is free software; see the source for copying conditions.  There is NO
warranty; not even for MERCHANTABILITY or FITNESS FOR A PARTICULAR PURPOSE.

configure:2280: $? = 0
configure:2287: gcc -v >&5
Using built-in specs.
COLLECT_GCC=gcc
COLLECT_LTO_WRAPPER=/usr/lib/gcc/arm-linux-gnueabihf/4.6/lto-wrapper
Target: arm-linux-gnueabihf
Configured with: ../src/configure -v --with-pkgversion='Debian 4.6.3-14+rpi1' --with-bugurl=file:///usr/share/doc/gcc-4.6/README.Bugs --enable-languages=c,c++,fortran,objc,obj-c++ --prefix=/usr --program-suffix=-4.6 --enable-shared --enable-linker-build-id --with-system-zlib --libexecdir=/usr/lib --without-included-gettext --enable-threads=posix --with-gxx-include-dir=/usr/include/c++/4.6 --libdir=/usr/lib --enable-nls --with-sysroot=/ --enable-clocale=gnu --enable-libstdcxx-debug --enable-libstdcxx-time=yes --enable-gnu-unique-object --enable-plugin --enable-objc-gc --disable-sjlj-exceptions --with-arch=armv6 --with-fpu=vfp --with-float=hard --enable-checking=release --build=arm-linux-gnueabihf --host=arm-linux-gnueabihf --target=arm-linux-gnueabihf
Thread model: posix
gcc version 4.6.3 (Debian 4.6.3-14+rpi1) 
configure:2290: $? = 0
configure:2297: gcc -V >&5
gcc: error: unrecognized option '-V'
gcc: fatal error: no input files
compilation terminated.
configure:2300: $? = 4
configure:2323: checking for C compiler default output file name
configure:2350: gcc    conftest.c  >&5
configure:2353: $? = 0
configure:2391: result: a.out
configure:2408: checking whether the C compiler works
configure:2418: ./a.out
configure:2421: $? = 0
configure:2438: result: yes
configure:2445: checking whether we are cross compiling
configure:2447: result: no
configure:2450: checking for suffix of executables
configure:2457: gcc -o conftest    conftest.c  >&5
configure:2460: $? = 0
configure:2484: result: 
configure:2490: checking for suffix of object files
configure:2516: gcc -c   conftest.c >&5
configure:2519: $? = 0
configure:2542: result: o
configure:2546: checking whether we are using the GNU C compiler
configure:2575: gcc -c   conftest.c >&5
configure:2581: $? = 0
configure:2598: result: yes
configure:2603: checking whether gcc accepts -g
configure:2633: gcc -c -g  conftest.c >&5
configure:2639: $? = 0
configure:2738: result: yes
configure:2755: checking for gcc option to accept ISO C89
configure:2829: gcc  -c -g -O2  conftest.c >&5
configure:2835: $? = 0
configure:2858: result: none needed
configure:2934: checking for g++
configure:2950: found /usr/bin/g++
configure:2961: result: g++
configure:2992: checking for C++ compiler version
configure:2999: g++ --version >&5
g++ (Debian 4.6.3-14+rpi1) 4.6.3
Copyright (C) 2011 Free Software Foundation, Inc.
This is free software; see the source for copying conditions.  There is NO
warranty; not even for MERCHANTABILITY or FITNESS FOR A PARTICULAR PURPOSE.

configure:3002: $? = 0
configure:3009: g++ -v >&5
Using built-in specs.
COLLECT_GCC=g++
COLLECT_LTO_WRAPPER=/usr/lib/gcc/arm-linux-gnueabihf/4.6/lto-wrapper
Target: arm-linux-gnueabihf
Configured with: ../src/configure -v --with-pkgversion='Debian 4.6.3-14+rpi1' --with-bugurl=file:///usr/share/doc/gcc-4.6/README.Bugs --enable-languages=c,c++,fortran,objc,obj-c++ --prefix=/usr --program-suffix=-4.6 --enable-shared --enable-linker-build-id --with-system-zlib --libexecdir=/usr/lib --without-included-gettext --enable-threads=posix --with-gxx-include-dir=/usr/include/c++/4.6 --libdir=/usr/lib --enable-nls --with-sysroot=/ --enable-clocale=gnu --enable-libstdcxx-debug --enable-libstdcxx-time=yes --enable-gnu-unique-object --enable-plugin --enable-objc-gc --disable-sjlj-exceptions --with-arch=armv6 --with-fpu=vfp --with-float=hard --enable-checking=release --build=arm-linux-gnueabihf --host=arm-linux-gnueabihf --target=arm-linux-gnueabihf
Thread model: posix
gcc version 4.6.3 (Debian 4.6.3-14+rpi1) 
configure:3012: $? = 0
configure:3019: g++ -V >&5
g++: error: unrecognized option '-V'
g++: fatal error: no input files
compilation terminated.
configure:3022: $? = 4
configure:3025: checking whether we are using the GNU C++ compiler
configure:3054: g++ -c   conftest.cpp >&5
configure:3060: $? = 0
configure:3077: result: yes
configure:3082: checking whether g++ accepts -g
configure:3112: g++ -c -g  conftest.cpp >&5
configure:3118: $? = 0
configure:3217: result: yes
configure:3267: checking for a BSD-compatible install
configure:3323: result: /usr/bin/install -c
configure:3334: checking whether build environment is sane
configure:3377: result: yes
configure:3392: checking whether make sets $(MAKE)
configure:3413: result: yes
configure:3445: checking for working aclocal-1.4
configure:3456: result: missing
configure:3460: checking for working autoconf
configure:3471: result: missing
configure:3475: checking for working automake-1.4
configure:3486: result: missing
configure:3490: checking for working autoheader
configure:3501: result: missing
configure:3505: checking for working makeinfo
configure:3516: result: missing
configure:3523: checking whether to enable maintainer-specific portions of Makefiles
configure:3532: result: no
configure:3560: checking for a BSD-compatible install
configure:3616: result: /usr/bin/install -c
configure:3708: checking build system type
configure:3726: result: armv6l-unknown-linux-gnu
configure:3748: checking host system type
configure:3763: result: armv6l-unknown-linux-gnu
configure:3785: checking for a sed that does not truncate output
configure:3841: result: /bin/sed
configure:3844: checking for grep that handles long lines and -e
configure:3918: result: /bin/grep
configure:3923: checking for egrep
configure:4001: result: /bin/grep -E
configure:4017: checking for ld used by gcc
configure:4084: result: /usr/bin/ld
configure:4093: checking if the linker (/usr/bin/ld) is GNU ld
configure:4108: result: yes
configure:4113: checking for /usr/bin/ld option to reload object files
configure:4120: result: -r
configure:4138: checking for BSD-compatible nm
configure:4187: result: /usr/bin/nm -B
configure:4191: checking whether ln -s works
configure:4195: result: yes
configure:4202: checking how to recognize dependent libraries
configure:4388: result: pass_all
configure:4633: checking how to run the C preprocessor
configure:4673: gcc -E  conftest.c
configure:4679: $? = 0
configure:4710: gcc -E  conftest.c
conftest.c:10:28: fatal error: ac_nonexistent.h: No such file or directory
compilation terminated.
configure:4716: $? = 1
configure: failed program was:
| /* confdefs.h.  */
| #define PACKAGE_NAME ""
| #define PACKAGE_TARNAME ""
| #define PACKAGE_VERSION ""
| #define PACKAGE_STRING ""
| #define PACKAGE_BUGREPORT ""
| #define PACKAGE "wifidog"
| #define VERSION "20090925"
| /* end confdefs.h.  */
| #include <ac_nonexistent.h>
configure:4749: result: gcc -E
configure:4778: gcc -E  conftest.c
configure:4784: $? = 0
configure:4815: gcc -E  conftest.c
conftest.c:10:28: fatal error: ac_nonexistent.h: No such file or directory
compilation terminated.
configure:4821: $? = 1
configure: failed program was:
| /* confdefs.h.  */
| #define PACKAGE_NAME ""
| #define PACKAGE_TARNAME ""
| #define PACKAGE_VERSION ""
| #define PACKAGE_STRING ""
| #define PACKAGE_BUGREPORT ""
| #define PACKAGE "wifidog"
| #define VERSION "20090925"
| /* end confdefs.h.  */
| #include <ac_nonexistent.h>
configure:4859: checking for ANSI C header files
configure:4889: gcc -c -g -O2  conftest.c >&5
configure:4895: $? = 0
configure:4994: gcc -o conftest -g -O2   conftest.c  >&5
configure:4997: $? = 0
configure:5003: ./conftest
configure:5006: $? = 0
configure:5023: result: yes
configure:5047: checking for sys/types.h
configure:5068: gcc -c -g -O2  conftest.c >&5
configure:5074: $? = 0
configure:5090: result: yes
configure:5047: checking for sys/stat.h
configure:5068: gcc -c -g -O2  conftest.c >&5
configure:5074: $? = 0
configure:5090: result: yes
configure:5047: checking for stdlib.h
configure:5068: gcc -c -g -O2  conftest.c >&5
configure:5074: $? = 0
configure:5090: result: yes
configure:5047: checking for string.h
configure:5068: gcc -c -g -O2  conftest.c >&5
configure:5074: $? = 0
configure:5090: result: yes
configure:5047: checking for memory.h
configure:5068: gcc -c -g -O2  conftest.c >&5
configure:5074: $? = 0
configure:5090: result: yes
configure:5047: checking for strings.h
configure:5068: gcc -c -g -O2  conftest.c >&5
configure:5074: $? = 0
configure:5090: result: yes
configure:5047: checking for inttypes.h
configure:5068: gcc -c -g -O2  conftest.c >&5
configure:5074: $? = 0
configure:5090: result: yes
configure:5047: checking for stdint.h
configure:5068: gcc -c -g -O2  conftest.c >&5
configure:5074: $? = 0
configure:5090: result: yes
configure:5047: checking for unistd.h
configure:5068: gcc -c -g -O2  conftest.c >&5
configure:5074: $? = 0
configure:5090: result: yes
configure:5117: checking dlfcn.h usability
configure:5134: gcc -c -g -O2  conftest.c >&5
configure:5140: $? = 0
configure:5154: result: yes
configure:5158: checking dlfcn.h presence
configure:5173: gcc -E  conftest.c
configure:5179: $? = 0
configure:5193: result: yes
configure:5221: checking for dlfcn.h
configure:5229: result: yes
configure:5252: checking how to run the C++ preprocessor
configure:5288: g++ -E  conftest.cpp
configure:5294: $? = 0
configure:5325: g++ -E  conftest.cpp
conftest.cpp:21:28: fatal error: ac_nonexistent.h: No such file or directory
compilation terminated.
configure:5331: $? = 1
configure: failed program was:
| /* confdefs.h.  */
| #define PACKAGE_NAME ""
| #define PACKAGE_TARNAME ""
| #define PACKAGE_VERSION ""
| #define PACKAGE_STRING ""
| #define PACKAGE_BUGREPORT ""
| #define PACKAGE "wifidog"
| #define VERSION "20090925"
| #define STDC_HEADERS 1
| #define HAVE_SYS_TYPES_H 1
| #define HAVE_SYS_STAT_H 1
| #define HAVE_STDLIB_H 1
| #define HAVE_STRING_H 1
| #define HAVE_MEMORY_H 1
| #define HAVE_STRINGS_H 1
| #define HAVE_INTTYPES_H 1
| #define HAVE_STDINT_H 1
| #define HAVE_UNISTD_H 1
| #define HAVE_DLFCN_H 1
| /* end confdefs.h.  */
| #include <ac_nonexistent.h>
configure:5364: result: g++ -E
configure:5393: g++ -E  conftest.cpp
configure:5399: $? = 0
configure:5430: g++ -E  conftest.cpp
conftest.cpp:21:28: fatal error: ac_nonexistent.h: No such file or directory
compilation terminated.
configure:5436: $? = 1
configure: failed program was:
| /* confdefs.h.  */
| #define PACKAGE_NAME ""
| #define PACKAGE_TARNAME ""
| #define PACKAGE_VERSION ""
| #define PACKAGE_STRING ""
| #define PACKAGE_BUGREPORT ""
| #define PACKAGE "wifidog"
| #define VERSION "20090925"
| #define STDC_HEADERS 1
| #define HAVE_SYS_TYPES_H 1
| #define HAVE_SYS_STAT_H 1
| #define HAVE_STDLIB_H 1
| #define HAVE_STRING_H 1
| #define HAVE_MEMORY_H 1
| #define HAVE_STRINGS_H 1
| #define HAVE_INTTYPES_H 1
| #define HAVE_STDINT_H 1
| #define HAVE_UNISTD_H 1
| #define HAVE_DLFCN_H 1
| /* end confdefs.h.  */
| #include <ac_nonexistent.h>
configure:5529: checking for g77
configure:5559: result: no
configure:5529: checking for xlf
configure:5559: result: no
configure:5529: checking for f77
configure:5559: result: no
configure:5529: checking for frt
configure:5559: result: no
configure:5529: checking for pgf77
configure:5559: result: no
configure:5529: checking for cf77
configure:5559: result: no
configure:5529: checking for fort77
configure:5559: result: no
configure:5529: checking for fl32
configure:5559: result: no
configure:5529: checking for af77
configure:5559: result: no
configure:5529: checking for xlf90
configure:5559: result: no
configure:5529: checking for f90
configure:5559: result: no
configure:5529: checking for pgf90
configure:5559: result: no
configure:5529: checking for pghpf
configure:5559: result: no
configure:5529: checking for epcf90
configure:5559: result: no
configure:5529: checking for gfortran
configure:5559: result: no
configure:5529: checking for g95
configure:5559: result: no
configure:5529: checking for xlf95
configure:5559: result: no
configure:5529: checking for f95
configure:5559: result: no
configure:5529: checking for fort
configure:5559: result: no
configure:5529: checking for ifort
configure:5559: result: no
configure:5529: checking for ifc
configure:5559: result: no
configure:5529: checking for efc
configure:5559: result: no
configure:5529: checking for pgf95
configure:5559: result: no
configure:5529: checking for lf95
configure:5559: result: no
configure:5529: checking for ftn
configure:5559: result: no
configure:5586: checking for Fortran 77 compiler version
configure:5593:  --version >&5
./configure: line 5594: --version: command not found
configure:5596: $? = 127
configure:5603:  -v >&5
./configure: line 5604: -v: command not found
configure:5606: $? = 127
configure:5613:  -V >&5
./configure: line 5614: -V: command not found
configure:5616: $? = 127
configure:5624: checking whether we are using the GNU Fortran 77 compiler
configure:5643:  -c  conftest.F >&5
./configure: line 5644: -c: command not found
configure:5649: $? = 127
configure: failed program was:
|       program main
| #ifndef __GNUC__
|        choke me
| #endif
| 
|       end
configure:5666: result: no
configure:5672: checking whether  accepts -g
configure:5689:  -c -g conftest.f >&5
./configure: line 5690: -c: command not found
configure:5695: $? = 127
configure: failed program was:
|       program main
| 
|       end
configure:5711: result: no
configure:5740: checking the maximum length of command line arguments
configure:5852: result: 1572864
configure:5864: checking command to parse /usr/bin/nm -B output from gcc object
configure:5969: gcc -c -g -O2  conftest.c >&5
configure:5972: $? = 0
configure:5976: /usr/bin/nm -B conftest.o \| sed -n -e 's/^.*[ 	]\([ABCDGIRSTW][ABCDGIRSTW]*\)[ 	][ 	]*\([_A-Za-z][_A-Za-z0-9]*\)$/\1 \2 \2/p' \> conftest.nm
configure:5979: $? = 0
configure:6031: gcc -o conftest -g -O2   conftest.c conftstm.o >&5
configure:6034: $? = 0
configure:6072: result: ok
configure:6076: checking for objdir
configure:6091: result: .libs
configure:6183: checking for ar
configure:6199: found /usr/bin/ar
configure:6210: result: ar
configure:6279: checking for ranlib
configure:6295: found /usr/bin/ranlib
configure:6306: result: ranlib
configure:6375: checking for strip
configure:6391: found /usr/bin/strip
configure:6402: result: strip
configure:7000: checking if gcc supports -fno-rtti -fno-exceptions
configure:7018: gcc -c -g -O2  -fno-rtti -fno-exceptions conftest.c >&5
cc1: warning: command line option '-fno-rtti' is valid for C++/ObjC++ but not for C [enabled by default]
configure:7022: $? = 0
configure:7035: result: no
configure:7050: checking for gcc option to produce PIC
configure:7282: result: -fPIC
configure:7290: checking if gcc PIC flag -fPIC works
configure:7308: gcc -c -g -O2  -fPIC -DPIC conftest.c >&5
configure:7312: $? = 0
configure:7325: result: yes
configure:7353: checking if gcc static flag -static works
configure:7381: result: yes
configure:7391: checking if gcc supports -c -o file.o
configure:7412: gcc -c -g -O2  -o out/conftest2.o conftest.c >&5
configure:7416: $? = 0
configure:7438: result: yes
configure:7464: checking whether the gcc linker (/usr/bin/ld) supports shared libraries
configure:8445: result: yes
configure:8466: checking whether -lc should be explicitly linked in
configure:8471: gcc -c -g -O2  conftest.c >&5
configure:8474: $? = 0
configure:8489: gcc -shared conftest.o  -v -Wl,-soname -Wl,conftest -o conftest 2\>\&1 \| grep  -lc  \>/dev/null 2\>\&1
configure:8492: $? = 0
configure:8504: result: no
configure:8512: checking dynamic linker characteristics
configure:9126: result: GNU/Linux ld.so
configure:9150: checking how to hardcode library paths into programs
configure:9175: result: immediate
configure:9189: checking whether stripping libraries is possible
configure:9194: result: yes
configure:9318: checking for shl_load
configure:9374: gcc -o conftest -g -O2   conftest.c  >&5
/tmp/ccEAyiXN.o: In function `main':
/home/pi/testing/wifidog-20090925/conftest.c:55: undefined reference to `shl_load'
collect2: ld returned 1 exit status
configure:9380: $? = 1
configure: failed program was:
| /* confdefs.h.  */
| #define PACKAGE_NAME ""
| #define PACKAGE_TARNAME ""
| #define PACKAGE_VERSION ""
| #define PACKAGE_STRING ""
| #define PACKAGE_BUGREPORT ""
| #define PACKAGE "wifidog"
| #define VERSION "20090925"
| #define STDC_HEADERS 1
| #define HAVE_SYS_TYPES_H 1
| #define HAVE_SYS_STAT_H 1
| #define HAVE_STDLIB_H 1
| #define HAVE_STRING_H 1
| #define HAVE_MEMORY_H 1
| #define HAVE_STRINGS_H 1
| #define HAVE_INTTYPES_H 1
| #define HAVE_STDINT_H 1
| #define HAVE_UNISTD_H 1
| #define HAVE_DLFCN_H 1
| /* end confdefs.h.  */
| /* Define shl_load to an innocuous variant, in case <limits.h> declares shl_load.
|    For example, HP-UX 11i <limits.h> declares gettimeofday.  */
| #define shl_load innocuous_shl_load
| 
| /* System header to define __stub macros and hopefully few prototypes,
|     which can conflict with char shl_load (); below.
|     Prefer <limits.h> to <assert.h> if __STDC__ is defined, since
|     <limits.h> exists even on freestanding compilers.  */
| 
| #ifdef __STDC__
| # include <limits.h>
| #else
| # include <assert.h>
| #endif
| 
| #undef shl_load
| 
| /* Override any GCC internal prototype to avoid an error.
|    Use char because int might match the return type of a GCC
|    builtin and then its argument prototype would still apply.  */
| #ifdef __cplusplus
| extern "C"
| #endif
| char shl_load ();
| /* The GNU C library defines this for functions which it implements
|     to always fail with ENOSYS.  Some functions are actually named
|     something starting with __ and the normal name is an alias.  */
| #if defined __stub_shl_load || defined __stub___shl_load
| choke me
| #endif
| 
| int
| main ()
| {
| return shl_load ();
|   ;
|   return 0;
| }
configure:9397: result: no
configure:9402: checking for shl_load in -ldld
configure:9437: gcc -o conftest -g -O2   conftest.c -ldld   >&5
/usr/bin/ld: cannot find -ldld
collect2: ld returned 1 exit status
configure:9443: $? = 1
configure: failed program was:
| /* confdefs.h.  */
| #define PACKAGE_NAME ""
| #define PACKAGE_TARNAME ""
| #define PACKAGE_VERSION ""
| #define PACKAGE_STRING ""
| #define PACKAGE_BUGREPORT ""
| #define PACKAGE "wifidog"
| #define VERSION "20090925"
| #define STDC_HEADERS 1
| #define HAVE_SYS_TYPES_H 1
| #define HAVE_SYS_STAT_H 1
| #define HAVE_STDLIB_H 1
| #define HAVE_STRING_H 1
| #define HAVE_MEMORY_H 1
| #define HAVE_STRINGS_H 1
| #define HAVE_INTTYPES_H 1
| #define HAVE_STDINT_H 1
| #define HAVE_UNISTD_H 1
| #define HAVE_DLFCN_H 1
| /* end confdefs.h.  */
| 
| /* Override any GCC internal prototype to avoid an error.
|    Use char because int might match the return type of a GCC
|    builtin and then its argument prototype would still apply.  */
| #ifdef __cplusplus
| extern "C"
| #endif
| char shl_load ();
| int
| main ()
| {
| return shl_load ();
|   ;
|   return 0;
| }
configure:9461: result: no
configure:9466: checking for dlopen
configure:9522: gcc -o conftest -g -O2   conftest.c  >&5
/tmp/ccmRx35F.o: In function `main':
/home/pi/testing/wifidog-20090925/conftest.c:55: undefined reference to `dlopen'
collect2: ld returned 1 exit status
configure:9528: $? = 1
configure: failed program was:
| /* confdefs.h.  */
| #define PACKAGE_NAME ""
| #define PACKAGE_TARNAME ""
| #define PACKAGE_VERSION ""
| #define PACKAGE_STRING ""
| #define PACKAGE_BUGREPORT ""
| #define PACKAGE "wifidog"
| #define VERSION "20090925"
| #define STDC_HEADERS 1
| #define HAVE_SYS_TYPES_H 1
| #define HAVE_SYS_STAT_H 1
| #define HAVE_STDLIB_H 1
| #define HAVE_STRING_H 1
| #define HAVE_MEMORY_H 1
| #define HAVE_STRINGS_H 1
| #define HAVE_INTTYPES_H 1
| #define HAVE_STDINT_H 1
| #define HAVE_UNISTD_H 1
| #define HAVE_DLFCN_H 1
| /* end confdefs.h.  */
| /* Define dlopen to an innocuous variant, in case <limits.h> declares dlopen.
|    For example, HP-UX 11i <limits.h> declares gettimeofday.  */
| #define dlopen innocuous_dlopen
| 
| /* System header to define __stub macros and hopefully few prototypes,
|     which can conflict with char dlopen (); below.
|     Prefer <limits.h> to <assert.h> if __STDC__ is defined, since
|     <limits.h> exists even on freestanding compilers.  */
| 
| #ifdef __STDC__
| # include <limits.h>
| #else
| # include <assert.h>
| #endif
| 
| #undef dlopen
| 
| /* Override any GCC internal prototype to avoid an error.
|    Use char because int might match the return type of a GCC
|    builtin and then its argument prototype would still apply.  */
| #ifdef __cplusplus
| extern "C"
| #endif
| char dlopen ();
| /* The GNU C library defines this for functions which it implements
|     to always fail with ENOSYS.  Some functions are actually named
|     something starting with __ and the normal name is an alias.  */
| #if defined __stub_dlopen || defined __stub___dlopen
| choke me
| #endif
| 
| int
| main ()
| {
| return dlopen ();
|   ;
|   return 0;
| }
configure:9545: result: no
configure:9550: checking for dlopen in -ldl
configure:9585: gcc -o conftest -g -O2   conftest.c -ldl   >&5
configure:9591: $? = 0
configure:9609: result: yes
configure:9778: checking whether a program can dlopen itself
configure:9852: gcc -o conftest -g -O2  -DHAVE_DLFCN_H  -Wl,--export-dynamic conftest.c -ldl  >&5
configure: In function 'main':
configure:9848:5: warning: incompatible implicit declaration of built-in function 'exit' [enabled by default]
configure:9855: $? = 0
configure:9873: result: yes
configure:9878: checking whether a statically linked program can dlopen itself
configure:9952: gcc -o conftest -g -O2  -DHAVE_DLFCN_H  -Wl,--export-dynamic -static conftest.c -ldl  >&5
configure: In function 'main':
configure:9948:5: warning: incompatible implicit declaration of built-in function 'exit' [enabled by default]
/tmp/ccPRLgtS.o: In function `main':
/home/pi/testing/wifidog-20090925/configure:9936: warning: Using 'dlopen' in statically linked applications requires at runtime the shared libraries from the glibc version used for linking
configure:9955: $? = 0
/lib/arm-linux-gnueabihf/: cannot read file data: Is a directory
configure:9973: result: no
configure:9996: checking if libtool supports shared libraries
configure:9998: result: yes
configure:10001: checking whether to build shared libraries
configure:10022: result: yes
configure:10025: checking whether to build static libraries
configure:10029: result: yes
configure:10123: creating libtool
configure:10716: checking for ld used by g++
configure:10783: result: /usr/bin/ld
configure:10792: checking if the linker (/usr/bin/ld) is GNU ld
configure:10807: result: yes
configure:10858: checking whether the g++ linker (/usr/bin/ld) supports shared libraries
configure:11804: result: yes
configure:11821: g++ -c -g -O2  conftest.cpp >&5
configure:11824: $? = 0
configure:11980: checking for g++ option to produce PIC
configure:12264: result: -fPIC
configure:12272: checking if g++ PIC flag -fPIC works
configure:12290: g++ -c -g -O2  -fPIC -DPIC conftest.cpp >&5
configure:12294: $? = 0
configure:12307: result: yes
configure:12335: checking if g++ static flag -static works
configure:12363: result: yes
configure:12373: checking if g++ supports -c -o file.o
configure:12394: g++ -c -g -O2  -o out/conftest2.o conftest.cpp >&5
configure:12398: $? = 0
configure:12420: result: yes
configure:12446: checking whether the g++ linker (/usr/bin/ld) supports shared libraries
configure:12475: result: yes
configure:12542: checking dynamic linker characteristics
configure:13104: result: GNU/Linux ld.so
configure:13128: checking how to hardcode library paths into programs
configure:13153: result: immediate
configure:19401: checking for library containing strerror
configure:19442: gcc -o conftest -g -O2   conftest.c  >&5
configure:19448: $? = 0
configure:19476: result: none required
configure:19484: checking whether byte ordering is bigendian
configure:19517: gcc -c -g -O2  conftest.c >&5
configure:19523: $? = 0
configure:19555: gcc -c -g -O2  conftest.c >&5
conftest.c: In function 'main':
conftest.c:28:2: error: unknown type name 'not'
conftest.c:28:10: error: expected '=', ',', ';', 'asm' or '__attribute__' before 'endian'
configure:19561: $? = 1
configure: failed program was:
| /* confdefs.h.  */
| #define PACKAGE_NAME ""
| #define PACKAGE_TARNAME ""
| #define PACKAGE_VERSION ""
| #define PACKAGE_STRING ""
| #define PACKAGE_BUGREPORT ""
| #define PACKAGE "wifidog"
| #define VERSION "20090925"
| #define STDC_HEADERS 1
| #define HAVE_SYS_TYPES_H 1
| #define HAVE_SYS_STAT_H 1
| #define HAVE_STDLIB_H 1
| #define HAVE_STRING_H 1
| #define HAVE_MEMORY_H 1
| #define HAVE_STRINGS_H 1
| #define HAVE_INTTYPES_H 1
| #define HAVE_STDINT_H 1
| #define HAVE_UNISTD_H 1
| #define HAVE_DLFCN_H 1
| /* end confdefs.h.  */
| #include <sys/types.h>
| #include <sys/param.h>
| 
| int
| main ()
| {
| #if BYTE_ORDER != BIG_ENDIAN
|  not big endian
| #endif
| 
|   ;
|   return 0;
| }
configure:19701: result: no
configure:19720: checking whether make sets $(MAKE)
configure:19741: result: yes
configure:19750: checking for ANSI C header files
configure:19914: result: yes
configure:19961: checking for doxygen
configure:19994: result: no
configure:20095: checking pthread.h usability
configure:20112: gcc -c -g -O2  conftest.c >&5
configure:20118: $? = 0
configure:20132: result: yes
configure:20136: checking pthread.h presence
configure:20151: gcc -E  conftest.c
configure:20157: $? = 0
configure:20171: result: yes
configure:20199: checking for pthread.h
configure:20206: result: yes
configure:20220: checking for pthread_create in -lpthread
configure:20255: gcc -o conftest -g -O2   conftest.c -lpthread   >&5
configure:20261: $? = 0
configure:20279: result: yes
configure:20305: checking for string.h
configure:20311: result: yes
configure:20305: checking for strings.h
configure:20311: result: yes
configure:20315: checking stdarg.h usability
configure:20332: gcc -c -g -O2  conftest.c >&5
configure:20338: $? = 0
configure:20352: result: yes
configure:20356: checking stdarg.h presence
configure:20371: gcc -E  conftest.c
configure:20377: $? = 0
configure:20391: result: yes
configure:20419: checking for stdarg.h
configure:20427: result: yes
configure:20305: checking for unistd.h
configure:20311: result: yes
configure:20441: checking for main in -lsocket
configure:20470: gcc -o conftest -g -O2   conftest.c -lsocket  -lpthread  >&5
/usr/bin/ld: cannot find -lsocket
collect2: ld returned 1 exit status
configure:20476: $? = 1
configure: failed program was:
| /* confdefs.h.  */
| #define PACKAGE_NAME ""
| #define PACKAGE_TARNAME ""
| #define PACKAGE_VERSION ""
| #define PACKAGE_STRING ""
| #define PACKAGE_BUGREPORT ""
| #define PACKAGE "wifidog"
| #define VERSION "20090925"
| #define STDC_HEADERS 1
| #define HAVE_SYS_TYPES_H 1
| #define HAVE_SYS_STAT_H 1
| #define HAVE_STDLIB_H 1
| #define HAVE_STRING_H 1
| #define HAVE_MEMORY_H 1
| #define HAVE_STRINGS_H 1
| #define HAVE_INTTYPES_H 1
| #define HAVE_STDINT_H 1
| #define HAVE_UNISTD_H 1
| #define HAVE_DLFCN_H 1
| #define STDC_HEADERS 1
| #define HAVE_LIBPTHREAD 1
| #define HAVE_STRING_H 1
| #define HAVE_STRINGS_H 1
| #define HAVE_STDARG_H 1
| #define HAVE_UNISTD_H 1
| /* end confdefs.h.  */
| 
| 
| int
| main ()
| {
| return main ();
|   ;
|   return 0;
| }
configure:20494: result: no
configure:20507: checking for main in -lnsl
configure:20536: gcc -o conftest -g -O2   conftest.c -lnsl  -lpthread  >&5
configure:20542: $? = 0
configure:20560: result: yes
configure:20676: creating ./config.status

## ---------------------- ##
## Running config.status. ##
## ---------------------- ##

This file was extended by config.status, which was
generated by GNU Autoconf 2.61.  Invocation command line was

  CONFIG_FILES    = 
  CONFIG_HEADERS  = 
  CONFIG_LINKS    = 
  CONFIG_COMMANDS = 
  $ ./config.status 

on raspberrypi

config.status:663: creating Makefile
config.status:798: WARNING:  Makefile.in seems to ignore the --datarootdir setting
config.status:663: creating wifidog.spec
config.status:663: creating wifidog-msg.html
config.status:663: creating src/Makefile
config.status:798: WARNING:  src/Makefile.in seems to ignore the --datarootdir setting
config.status:663: creating libhttpd/Makefile
config.status:798: WARNING:  libhttpd/Makefile.in seems to ignore the --datarootdir setting
config.status:663: creating doc/Makefile
config.status:798: WARNING:  doc/Makefile.in seems to ignore the --datarootdir setting
config.status:663: creating config.h
config.status:904: executing default-1 commands

## ---------------- ##
## Cache variables. ##
## ---------------- ##

ac_cv_build=armv6l-unknown-linux-gnu
ac_cv_c_bigendian=no
ac_cv_c_compiler_gnu=yes
ac_cv_cxx_compiler_gnu=yes
ac_cv_env_CCC_set=
ac_cv_env_CCC_value=
ac_cv_env_CC_set=
ac_cv_env_CC_value=
ac_cv_env_CFLAGS_set=
ac_cv_env_CFLAGS_value=
ac_cv_env_CPPFLAGS_set=
ac_cv_env_CPPFLAGS_value=
ac_cv_env_CPP_set=
ac_cv_env_CPP_value=
ac_cv_env_CXXCPP_set=
ac_cv_env_CXXCPP_value=
ac_cv_env_CXXFLAGS_set=
ac_cv_env_CXXFLAGS_value=
ac_cv_env_CXX_set=
ac_cv_env_CXX_value=
ac_cv_env_F77_set=
ac_cv_env_F77_value=
ac_cv_env_FFLAGS_set=
ac_cv_env_FFLAGS_value=
ac_cv_env_LDFLAGS_set=
ac_cv_env_LDFLAGS_value=
ac_cv_env_LIBS_set=
ac_cv_env_LIBS_value=
ac_cv_env_build_alias_set=
ac_cv_env_build_alias_value=
ac_cv_env_host_alias_set=
ac_cv_env_host_alias_value=
ac_cv_env_target_alias_set=
ac_cv_env_target_alias_value=
ac_cv_f77_compiler_gnu=no
ac_cv_func_dlopen=no
ac_cv_func_shl_load=no
ac_cv_header_dlfcn_h=yes
ac_cv_header_inttypes_h=yes
ac_cv_header_memory_h=yes
ac_cv_header_pthread_h=yes
ac_cv_header_stdarg_h=yes
ac_cv_header_stdc=yes
ac_cv_header_stdint_h=yes
ac_cv_header_stdlib_h=yes
ac_cv_header_string_h=yes
ac_cv_header_strings_h=yes
ac_cv_header_sys_stat_h=yes
ac_cv_header_sys_types_h=yes
ac_cv_header_unistd_h=yes
ac_cv_host=armv6l-unknown-linux-gnu
ac_cv_lib_dl_dlopen=yes
ac_cv_lib_dld_shl_load=no
ac_cv_lib_nsl=ac_cv_lib_nsl_main
ac_cv_lib_nsl_main=yes
ac_cv_lib_pthread_pthread_create=yes
ac_cv_lib_socket=ac_cv_lib_socket_main
ac_cv_lib_socket_main=no
ac_cv_objext=o
ac_cv_path_EGREP='/bin/grep -E'
ac_cv_path_GREP=/bin/grep
ac_cv_path_install='/usr/bin/install -c'
ac_cv_prog_CPP='gcc -E'
ac_cv_prog_CXXCPP='g++ -E'
ac_cv_prog_ac_ct_AR=ar
ac_cv_prog_ac_ct_CC=gcc
ac_cv_prog_ac_ct_CXX=g++
ac_cv_prog_ac_ct_RANLIB=ranlib
ac_cv_prog_ac_ct_STRIP=strip
ac_cv_prog_cc_c89=
ac_cv_prog_cc_g=yes
ac_cv_prog_cxx_g=yes
ac_cv_prog_f77_g=no
ac_cv_prog_make_make_set=yes
ac_cv_search_strerror='none required'
lt_cv_deplibs_check_method=pass_all
lt_cv_dlopen=dlopen
lt_cv_dlopen_libs=-ldl
lt_cv_dlopen_self=yes
lt_cv_dlopen_self_static=no
lt_cv_file_magic_cmd='$MAGIC_CMD'
lt_cv_file_magic_test_file=
lt_cv_ld_reload_flag=-r
lt_cv_objdir=.libs
lt_cv_path_LD=/usr/bin/ld
lt_cv_path_LDCXX=/usr/bin/ld
lt_cv_path_NM='/usr/bin/nm -B'
lt_cv_path_SED=/bin/sed
lt_cv_prog_compiler_c_o=yes
lt_cv_prog_compiler_c_o_CXX=yes
lt_cv_prog_compiler_pic_works=yes
lt_cv_prog_compiler_pic_works_CXX=yes
lt_cv_prog_compiler_rtti_exceptions=no
lt_cv_prog_compiler_static_works=yes
lt_cv_prog_compiler_static_works_CXX=yes
lt_cv_prog_gnu_ld=yes
lt_cv_prog_gnu_ldcxx=yes
lt_cv_sys_global_symbol_pipe='sed -n -e '\''s/^.*[ 	]\([ABCDGIRSTW][ABCDGIRSTW]*\)[ 	][ 	]*\([_A-Za-z][_A-Za-z0-9]*\)$/\1 \2 \2/p'\'''
lt_cv_sys_global_symbol_to_c_name_address='sed -n -e '\''s/^: \([^ ]*\) $/  {\"\1\", (lt_ptr) 0},/p'\'' -e '\''s/^[BCDEGRST] \([^ ]*\) \([^ ]*\)$/  {"\2", (lt_ptr) \&\2},/p'\'''
lt_cv_sys_global_symbol_to_cdecl='sed -n -e '\''s/^. .* \(.*\)$/extern int \1;/p'\'''
lt_cv_sys_lib_dlsearch_path_spec='/lib /usr/lib /opt/vc/lib /lib/arm-linux-gnueabihf /usr/lib/arm-linux-gnueabihf /usr/local/lib '
lt_cv_sys_lib_search_path_spec='/usr/lib/gcc/arm-linux-gnueabihf/4.6 /usr/lib/arm-linux-gnueabihf /usr/lib /lib/arm-linux-gnueabihf /lib'
lt_cv_sys_max_cmd_len=1572864
lt_lt_cv_prog_compiler_c_o='"yes"'
lt_lt_cv_prog_compiler_c_o_CXX='"yes"'
lt_lt_cv_sys_global_symbol_pipe='"sed -n -e '\''s/^.*[ 	]\\([ABCDGIRSTW][ABCDGIRSTW]*\\)[ 	][ 	]*\\([_A-Za-z][_A-Za-z0-9]*\\)\$/\\1 \\2 \\2/p'\''"'
lt_lt_cv_sys_global_symbol_to_c_name_address='"sed -n -e '\''s/^: \\([^ ]*\\) \$/  {\\\"\\1\\\", (lt_ptr) 0},/p'\'' -e '\''s/^[BCDEGRST] \\([^ ]*\\) \\([^ ]*\\)\$/  {\"\\2\", (lt_ptr) \\&\\2},/p'\''"'
lt_lt_cv_sys_global_symbol_to_cdecl='"sed -n -e '\''s/^. .* \\(.*\\)\$/extern int \\1;/p'\''"'

## ----------------- ##
## Output variables. ##
## ----------------- ##

ACLOCAL='/home/pi/testing/wifidog-20090925/config/missing aclocal-1.4'
AR='ar'
AUTOCONF='/home/pi/testing/wifidog-20090925/config/missing autoconf'
AUTOHEADER='/home/pi/testing/wifidog-20090925/config/missing autoheader'
AUTOMAKE='/home/pi/testing/wifidog-20090925/config/missing automake-1.4'
BUILDROOT=''
CC='gcc'
CFLAGS='-g -O2'
CPP='gcc -E'
CPPFLAGS=''
CXX='g++'
CXXCPP='g++ -E'
CXXFLAGS='-g -O2'
DEFS='-DHAVE_CONFIG_H'
DOC_FALSE=''
DOC_TRUE='#'
DOT=''
DOXYGEN=''
DSYMUTIL=''
ECHO='echo'
ECHO_C=''
ECHO_N='-n'
ECHO_T=''
EGREP='/bin/grep -E'
ENABLE_DOXYGEN_FALSE=''
ENABLE_DOXYGEN_TRUE='#'
EXEEXT=''
F77=''
FFLAGS=''
GREP='/bin/grep'
INSTALL_DATA='${INSTALL} -m 644'
INSTALL_PROGRAM='${INSTALL}'
INSTALL_SCRIPT='${INSTALL}'
LDFLAGS=''
LIBOBJS=''
LIBS='-lnsl -lpthread '
LIBTOOL='$(SHELL) $(top_builddir)/libtool'
LN_S='ln -s'
LTLIBOBJS=''
MAINT='#'
MAINTAINER_MODE_FALSE=''
MAINTAINER_MODE_TRUE='#'
MAKEINFO='/home/pi/testing/wifidog-20090925/config/missing makeinfo'
NMEDIT=''
OBJEXT='o'
PACKAGE='wifidog'
PACKAGE_BUGREPORT=''
PACKAGE_NAME=''
PACKAGE_STRING=''
PACKAGE_TARNAME=''
PACKAGE_VERSION=''
PATH_SEPARATOR=':'
RANLIB='ranlib'
SED='/bin/sed'
SET_MAKE=''
SHELL='/bin/bash'
STRIP='strip'
VERSION='20090925'
WIFIDOG_MAJOR_VERSION='1'
WIFIDOG_MICRO_VERSION='5'
WIFIDOG_MINOR_VERSION='1'
WIFIDOG_VERSION='20090925'
ac_ct_CC='gcc'
ac_ct_CXX='g++'
ac_ct_F77=''
bindir='${exec_prefix}/bin'
build='armv6l-unknown-linux-gnu'
build_alias=''
build_cpu='armv6l'
build_os='linux-gnu'
build_vendor='unknown'
datadir='${datarootdir}'
datarootdir='${prefix}/share'
docdir='${datarootdir}/doc/${PACKAGE}'
dvidir='${docdir}'
enable_dot='no'
enable_html_docs='yes'
enable_latex_docs='no'
exec_prefix='${prefix}'
host='armv6l-unknown-linux-gnu'
host_alias=''
host_cpu='armv6l'
host_os='linux-gnu'
host_vendor='unknown'
htmldir='${docdir}'
includedir='${prefix}/include'
infodir='${datarootdir}/info'
libdir='${exec_prefix}/lib'
libexecdir='${exec_prefix}/libexec'
localedir='${datarootdir}/locale'
localstatedir='${prefix}/var'
mandir='${datarootdir}/man'
oldincludedir='/usr/include'
pdfdir='${docdir}'
prefix='/usr/local'
program_transform_name='s,x,x,'
psdir='${docdir}'
sbindir='${exec_prefix}/sbin'
sharedstatedir='${prefix}/com'
sysconfdir='${prefix}/etc'
target_alias=''

## ----------- ##
## confdefs.h. ##
## ----------- ##

#define PACKAGE_NAME ""
#define PACKAGE_TARNAME ""
#define PACKAGE_VERSION ""
#define PACKAGE_STRING ""
#define PACKAGE_BUGREPORT ""
#define PACKAGE "wifidog"
#define VERSION "20090925"
#define STDC_HEADERS 1
#define HAVE_SYS_TYPES_H 1
#define HAVE_SYS_STAT_H 1
#define HAVE_STDLIB_H 1
#define HAVE_STRING_H 1
#define HAVE_MEMORY_H 1
#define HAVE_STRINGS_H 1
#define HAVE_INTTYPES_H 1
#define HAVE_STDINT_H 1
#define HAVE_UNISTD_H 1
#define HAVE_DLFCN_H 1
#define STDC_HEADERS 1
#define HAVE_LIBPTHREAD 1
#define HAVE_STRING_H 1
#define HAVE_STRINGS_H 1
#define HAVE_STDARG_H 1
#define HAVE_UNISTD_H 1
#define HAVE_LIBNSL 1

configure: exit 0
